mode: atomic
github.com/etf1/kafka-message-scheduler/clientlib/retry/config.go:28.49,37.2 3 4
github.com/etf1/kafka-message-scheduler/clientlib/retry/config.go:39.48,40.33 1 4
github.com/etf1/kafka-message-scheduler/clientlib/retry/config.go:40.33,42.3 1 4
github.com/etf1/kafka-message-scheduler/clientlib/retry/config.go:47.50,48.25 1 2
github.com/etf1/kafka-message-scheduler/clientlib/retry/config.go:48.25,50.3 1 2
github.com/etf1/kafka-message-scheduler/clientlib/retry/config.go:54.51,55.25 1 2
github.com/etf1/kafka-message-scheduler/clientlib/retry/config.go:55.25,57.3 1 2
github.com/etf1/kafka-message-scheduler/clientlib/retry/strategy_backoff.go:37.65,41.14 2 12
github.com/etf1/kafka-message-scheduler/clientlib/retry/strategy_backoff.go:44.2,45.14 2 12
github.com/etf1/kafka-message-scheduler/clientlib/retry/strategy_backoff.go:48.2,48.16 1 12
github.com/etf1/kafka-message-scheduler/clientlib/retry/strategy_backoff.go:52.2,53.17 2 12
github.com/etf1/kafka-message-scheduler/clientlib/retry/strategy_backoff.go:57.2,59.14 3 12
github.com/etf1/kafka-message-scheduler/clientlib/retry/strategy_backoff.go:63.2,63.21 1 12
github.com/etf1/kafka-message-scheduler/clientlib/retry/strategy_backoff.go:66.2,68.15 2 12
github.com/etf1/kafka-message-scheduler/clientlib/retry/strategy_backoff.go:71.2,71.15 1 12
github.com/etf1/kafka-message-scheduler/clientlib/retry/strategy_backoff.go:74.2,74.12 1 11
github.com/etf1/kafka-message-scheduler/clientlib/retry/strategy_backoff.go:41.14,43.3 1 0
github.com/etf1/kafka-message-scheduler/clientlib/retry/strategy_backoff.go:45.14,47.3 1 0
github.com/etf1/kafka-message-scheduler/clientlib/retry/strategy_backoff.go:48.16,51.3 1 0
github.com/etf1/kafka-message-scheduler/clientlib/retry/strategy_backoff.go:53.17,55.3 1 0
github.com/etf1/kafka-message-scheduler/clientlib/retry/strategy_backoff.go:59.14,61.3 1 0
github.com/etf1/kafka-message-scheduler/clientlib/retry/strategy_backoff.go:63.21,65.3 1 0
github.com/etf1/kafka-message-scheduler/clientlib/retry/strategy_backoff.go:68.15,70.3 1 0
github.com/etf1/kafka-message-scheduler/clientlib/retry/strategy_backoff.go:71.15,73.3 1 1
github.com/etf1/kafka-message-scheduler/clientlib/retry/strategy_backoff.go:78.27,80.2 1 0
github.com/etf1/kafka-message-scheduler/clientlib/clientlib.go:67.114,69.39 1 10
github.com/etf1/kafka-message-scheduler/clientlib/clientlib.go:73.2,73.72 1 7
github.com/etf1/kafka-message-scheduler/clientlib/clientlib.go:77.2,77.26 1 6
github.com/etf1/kafka-message-scheduler/clientlib/clientlib.go:81.2,81.22 1 6
github.com/etf1/kafka-message-scheduler/clientlib/clientlib.go:85.2,85.26 1 6
github.com/etf1/kafka-message-scheduler/clientlib/clientlib.go:89.2,92.32 2 6
github.com/etf1/kafka-message-scheduler/clientlib/clientlib.go:98.2,122.16 3 6
github.com/etf1/kafka-message-scheduler/clientlib/clientlib.go:69.39,71.3 1 3
github.com/etf1/kafka-message-scheduler/clientlib/clientlib.go:73.72,75.3 1 1
github.com/etf1/kafka-message-scheduler/clientlib/clientlib.go:77.26,79.3 1 0
github.com/etf1/kafka-message-scheduler/clientlib/clientlib.go:81.22,83.3 1 0
github.com/etf1/kafka-message-scheduler/clientlib/clientlib.go:85.26,87.3 1 0
github.com/etf1/kafka-message-scheduler/clientlib/clientlib.go:92.32,93.46 1 14
github.com/etf1/kafka-message-scheduler/clientlib/clientlib.go:93.46,95.4 1 10
github.com/etf1/kafka-message-scheduler/clientlib/clientlib.go:126.121,127.19 1 4
github.com/etf1/kafka-message-scheduler/clientlib/clientlib.go:131.2,133.33 2 4
github.com/etf1/kafka-message-scheduler/clientlib/clientlib.go:140.2,140.90 1 3
github.com/etf1/kafka-message-scheduler/clientlib/clientlib.go:127.19,129.3 1 0
github.com/etf1/kafka-message-scheduler/clientlib/clientlib.go:133.33,135.3 1 1
github.com/etf1/kafka-message-scheduler/clientlib/clientlib.go:135.8,135.25 1 3
github.com/etf1/kafka-message-scheduler/clientlib/clientlib.go:135.25,138.3 2 2
github.com/etf1/kafka-message-scheduler/clientlib/clientlib.go:144.80,146.46 1 1
github.com/etf1/kafka-message-scheduler/clientlib/clientlib.go:150.2,157.16 2 1
github.com/etf1/kafka-message-scheduler/clientlib/clientlib.go:146.46,148.3 1 0
github.com/etf1/kafka-message-scheduler/clientlib/clientlib.go:161.50,163.2 1 2
github.com/etf1/kafka-message-scheduler/clientlib/clientlib.go:166.48,168.2 1 0
github.com/etf1/kafka-message-scheduler/clientlib/clientlib.go:170.52,172.74 2 4
github.com/etf1/kafka-message-scheduler/clientlib/clientlib.go:178.2,180.16 2 4
github.com/etf1/kafka-message-scheduler/clientlib/clientlib.go:172.74,173.59 1 2
github.com/etf1/kafka-message-scheduler/clientlib/clientlib.go:173.59,175.4 1 2
github.com/etf1/kafka-message-scheduler/clientlib/clientlib.go:183.63,186.2 2 3
github.com/etf1/kafka-message-scheduler/clientlib/helper.go:7.66,8.20 1 2
github.com/etf1/kafka-message-scheduler/clientlib/helper.go:12.2,12.41 1 2
github.com/etf1/kafka-message-scheduler/clientlib/helper.go:18.2,18.23 1 1
github.com/etf1/kafka-message-scheduler/clientlib/helper.go:8.20,10.3 1 0
github.com/etf1/kafka-message-scheduler/clientlib/helper.go:12.41,13.25 1 3
github.com/etf1/kafka-message-scheduler/clientlib/helper.go:13.25,15.4 1 1
github.com/etf1/kafka-message-scheduler/clientlib/helper.go:21.68,22.37 1 20
github.com/etf1/kafka-message-scheduler/clientlib/helper.go:27.2,27.18 1 2
github.com/etf1/kafka-message-scheduler/clientlib/helper.go:22.37,23.49 1 58
github.com/etf1/kafka-message-scheduler/clientlib/helper.go:23.49,25.4 1 18
github.com/etf1/kafka-message-scheduler/clientlib/helper.go:30.74,31.41 1 6
github.com/etf1/kafka-message-scheduler/clientlib/helper.go:38.2,41.4 1 4
github.com/etf1/kafka-message-scheduler/clientlib/helper.go:31.41,32.24 1 10
github.com/etf1/kafka-message-scheduler/clientlib/helper.go:32.24,35.4 2 2
